<?xml version="1.0" encoding="UTF-8"?>
<testng-results skipped="0" failed="0" ignored="0" total="1" passed="1">
  <reporter-output>
  </reporter-output>
  <suite name="Default suite" duration-ms="30876" started-at="2019-10-11T09:28:45Z" finished-at="2019-10-11T09:29:15Z">
    <groups>
    </groups>
    <test name="Default test" duration-ms="30876" started-at="2019-10-11T09:28:45Z" finished-at="2019-10-11T09:29:15Z">
      <class name="Auto.Travels.Testcasehotelsearch">
        <test-method status="PASS" signature="hotelSearch()[pri:0, instance:Auto.Travels.Testcasehotelsearch@55f3ddb1]" name="hotelSearch" duration-ms="30825" started-at="2019-10-11T09:28:45Z" finished-at="2019-10-11T09:29:15Z">
          <reporter-output>
          </reporter-output>
        </test-method> <!-- hotelSearch -->
      </class> <!-- Auto.Travels.Testcasehotelsearch -->
    </test> <!-- Default test -->
  </suite> <!-- Default suite -->
</testng-results>
